<?xml version="1.0" encoding="UTF-8"?>
<!-- Generated by org.testng.reporters.JUnitReportReporter -->
<testsuite skipped="0" hostname="devops182" name="jpetStoreckg.catalogueDetailPage2" tests="1" failures="0" timestamp="30 Aug 2017 09:41:39 GMT" time="4.954" errors="0">
  <testcase name="setup" time="4.954" classname="jpetStoreckg.catalogueDetailPage2"/>
</testsuite> <!-- jpetStoreckg.catalogueDetailPage2 -->
