<?xml version="1.0" encoding="UTF-8"?>
<!-- Generated by org.testng.reporters.JUnitReportReporter -->
<testsuite skipped="0" hostname="devops182" name="jpetStoreckg.catalogueDetailPage" tests="1" failures="0" timestamp="30 Aug 2017 09:41:39 GMT" time="4.170" errors="0">
  <testcase name="setup" time="4.170" classname="jpetStoreckg.catalogueDetailPage"/>
</testsuite> <!-- jpetStoreckg.catalogueDetailPage -->
